Using pre-set license
Built from '2020.2/release' branch; Version is '2020.2.1f1 (270dd8c3da1c) revision 2559448'; Using compiler version '192528614'; Build Type 'Release'
OS: 'Windows 10  (10.0.0) 64bit' Language: 'en' Physical Memory: 16322 MB
BatchMode: 1, IsHumanControllingUs: 0, StartBugReporterOnCrash: 0, Is64bit: 1, IsPro: 0

 COMMAND LINE ARGUMENTS:
C:\Program Files\Unity\Hub\Editor\2020.2.1f1\Editor\Unity.exe
-adb2
-batchMode
-noUpm
-name
AssetImportWorker0
-projectPath
C:/Users/bryan/Unity Projects/textRPG
-logFile
Logs/AssetImportWorker0.log
-srvPort
54067
Successfully changed project path to: C:/Users/bryan/Unity Projects/textRPG
C:/Users/bryan/Unity Projects/textRPG
Using Asset Import Pipeline V2.
Refreshing native plugins compatible for Editor in 72.95 ms, found 0 plugins.
Preloading 0 native plugins for Editor in 0.00 ms.
Initialize engine version: 2020.2.1f1 (270dd8c3da1c)
[Subsystems] Discovering subsystems at path C:/Program Files/Unity/Hub/Editor/2020.2.1f1/Editor/Data/Resources/UnitySubsystems
[Subsystems] Discovering subsystems at path C:/Users/bryan/Unity Projects/textRPG/Assets
GfxDevice: creating device client; threaded=0
Direct3D:
    Version:  Direct3D 11.0 [level 11.1]
    Renderer: NVIDIA GeForce GTX 1650 SUPER (ID=0x2187)
    Vendor:   
    VRAM:     3955 MB
    Driver:   27.21.14.6089
Initialize mono
Mono path[0] = 'C:/Program Files/Unity/Hub/Editor/2020.2.1f1/Editor/Data/Managed'
Mono path[1] = 'C:/Program Files/Unity/Hub/Editor/2020.2.1f1/Editor/Data/MonoBleedingEdge/lib/mono/unityjit'
Mono config path = 'C:/Program Files/Unity/Hub/Editor/2020.2.1f1/Editor/Data/MonoBleedingEdge/etc'
Using monoOptions --debugger-agent=transport=dt_socket,embedding=1,server=y,suspend=n,address=127.0.0.1:56076
Begin MonoManager ReloadAssembly
Registering precompiled unity dll's ...
Register platform support module: C:/Program Files/Unity/Hub/Editor/2020.2.1f1/Editor/Data/PlaybackEngines/WebGLSupport/UnityEditor.WebGL.Extensions.dll
Register platform support module: C:/Program Files/Unity/Hub/Editor/2020.2.1f1/Editor/Data/PlaybackEngines/WindowsStandaloneSupport/UnityEditor.WindowsStandalone.Extensions.dll
Registered in 0.002876 seconds.
Native extension for WindowsStandalone target not found
Native extension for WebGL target not found
Refreshing native plugins compatible for Editor in 72.29 ms, found 0 plugins.
Preloading 0 native plugins for Editor in 0.00 ms.
Invoked RoslynAnalysisRunner static constructor.
RoslynAnalysisRunner will not be running.
RoslynAnalysisRunner has terminated.
Mono: successfully reloaded assembly
- Completed reload, in  1.362 seconds
Platform modules already initialized, skipping
Registering precompiled user dll's ...
Registered in 0.002402 seconds.
Begin MonoManager ReloadAssembly
Native extension for WindowsStandalone target not found
Native extension for WebGL target not found
Refreshing native plugins compatible for Editor in 82.24 ms, found 0 plugins.
Preloading 0 native plugins for Editor in 0.00 ms.
Invoked RoslynAnalysisRunner static constructor.
RoslynAnalysisRunner will not be running.
RoslynAnalysisRunner has terminated.
HDRP Internally changed the storage of Cube Cookie to use Octahedral Projection inside the 2D Cookie Atlas. It is recommended that you increase the size of the 2D Cookie Atlas if your cookies no longer fit.
UnityEngine.StackTraceUtility:ExtractStackTrace ()
UnityEngine.DebugLogHandler:LogFormat (UnityEngine.LogType,UnityEngine.Object,string,object[])
UnityEngine.Logger:Log (UnityEngine.LogType,object)
UnityEngine.Debug:Log (object)
UnityEngine.Rendering.HighDefinition.HDRenderPipelineAsset/<>c:<.cctor>b__110_12 (UnityEngine.Rendering.HighDefinition.HDRenderPipelineAsset) (at Library/PackageCache/com.unity.render-pipelines.high-definition@10.2.2/Runtime/RenderPipeline/HDRenderPipelineAsset.Migration.cs:126)
UnityEngine.Rendering.HighDefinition.MigrationStep`2<UnityEngine.Rendering.HighDefinition.HDRenderPipelineAsset/Version, UnityEngine.Rendering.HighDefinition.HDRenderPipelineAsset>:Migrate (UnityEngine.Rendering.HighDefinition.HDRenderPipelineAsset) (at Library/PackageCache/com.unity.render-pipelines.high-definition@10.2.2/Runtime/Core/Migration/MigrationStep.cs:52)
UnityEngine.Rendering.HighDefinition.MigrationDescription`2<UnityEngine.Rendering.HighDefinition.HDRenderPipelineAsset/Version, UnityEngine.Rendering.HighDefinition.HDRenderPipelineAsset>:Migrate (UnityEngine.Rendering.HighDefinition.HDRenderPipelineAsset) (at Library/PackageCache/com.unity.render-pipelines.high-definition@10.2.2/Runtime/Core/Migration/MigrationDescription.cs:101)
UnityEngine.Rendering.HighDefinition.HDRenderPipelineAsset:OnEnable () (at Library/PackageCache/com.unity.render-pipelines.high-definition@10.2.2/Runtime/RenderPipeline/HDRenderPipelineAsset.Migration.cs:146)
UnityEngine.Rendering.GraphicsSettings:get_currentRenderPipeline ()
UnityEditor.Rendering.HighDefinition.HDBakedReflectionSystem:Initialize () (at Library/PackageCache/com.unity.render-pipelines.high-definition@10.2.2/Editor/Lighting/Reflection/HDBakedReflectionSystem.cs:42)

(Filename: Library/PackageCache/com.unity.render-pipelines.high-definition@10.2.2/Runtime/RenderPipeline/HDRenderPipelineAsset.Migration.cs Line: 126)

Mono: successfully reloaded assembly
- Completed reload, in  1.365 seconds
Platform modules already initialized, skipping
========================================================================
Worker process is ready to serve import requests
Launched and connected shader compiler UnityShaderCompiler.exe after 0.07 seconds
Refreshing native plugins compatible for Editor in 0.68 ms, found 0 plugins.
Preloading 0 native plugins for Editor in 0.00 ms.
Unloading 3310 Unused Serialized files (Serialized files now loaded: 0)
System memory in use before: 166.0 MB.
System memory in use after: 166.2 MB.

Unloading 10 unused Assets to reduce memory usage. Loaded Objects now: 3764.
Total: 3.511600 ms (FindLiveObjects: 0.559700 ms CreateObjectMapping: 0.113100 ms MarkObjects: 2.770200 ms  DeleteObjects: 0.064100 ms)

========================================================================
Received Import Request.
  path: Assets/Prefabs/UI/Canvas.prefab
  artifactKey: Guid(1ad9dc7702393164f8587e1e5e85b6f8) Importer(815301076,1909f56bfc062723c751e8b465ee728b)
Start importing Assets/Prefabs/UI/Canvas.prefab using Guid(1ad9dc7702393164f8587e1e5e85b6f8) Importer(815301076,1909f56bfc062723c751e8b465ee728b)  -> (artifact id: '7eecdfd12c70885966107bd8b83bb66a') in 0.139289 seconds
  Import took 0.146925 seconds .

========================================================================
Received Import Request.
  Time since last request: 0.000717 seconds.
  path: Assets/Prefabs/UI/Slot.prefab
  artifactKey: Guid(0538ab7cbfd834449882f2586634154f) Importer(815301076,1909f56bfc062723c751e8b465ee728b)
Start importing Assets/Prefabs/UI/Slot.prefab using Guid(0538ab7cbfd834449882f2586634154f) Importer(815301076,1909f56bfc062723c751e8b465ee728b)  -> (artifact id: 'a4d33ab0bbddf94796f8f481b73c3e7c') in 0.033621 seconds
  Import took 0.039846 seconds .

========================================================================
Received Import Request.
  Time since last request: 1222.807304 seconds.
  path: Assets/Scripts
  artifactKey: Guid(22a92dda8b126ff4796f9e84ae1c8871) Importer(815301076,1909f56bfc062723c751e8b465ee728b)
Start importing Assets/Scripts using Guid(22a92dda8b126ff4796f9e84ae1c8871) Importer(815301076,1909f56bfc062723c751e8b465ee728b)  -> (artifact id: '71df7c233d2bcc9682147c88c3dbb0bc') in 0.004827 seconds
  Import took 0.012097 seconds .

========================================================================
Received Import Request.
  Time since last request: 3523.745273 seconds.
  path: Assets/Textures
  artifactKey: Guid(af0b37a21637ebe4196f39494274c39f) Importer(815301076,1909f56bfc062723c751e8b465ee728b)
Start importing Assets/Textures using Guid(af0b37a21637ebe4196f39494274c39f) Importer(815301076,1909f56bfc062723c751e8b465ee728b)  -> (artifact id: '1e7c82e6d7a7d27b6e24f7dced793bdc') in 0.004909 seconds
  Import took 0.012440 seconds .

========================================================================
Received Import Request.
  Time since last request: 0.001279 seconds.
  path: Assets/Textures
  artifactKey: Guid(af0b37a21637ebe4196f39494274c39f) Importer(815301076,1909f56bfc062723c751e8b465ee728b)
Start importing Assets/Textures using Guid(af0b37a21637ebe4196f39494274c39f) Importer(815301076,1909f56bfc062723c751e8b465ee728b)  -> (artifact id: '1e7c82e6d7a7d27b6e24f7dced793bdc') in 0.003610 seconds
  Import took 0.010529 seconds .

========================================================================
Received Import Request.
  Time since last request: 0.036118 seconds.
  path: Assets/Textures/apple.jpg
  artifactKey: Guid(4c38f9e798fde444ea7e393e26ead127) Importer(815301076,1909f56bfc062723c751e8b465ee728b)
Start importing Assets/Textures/apple.jpg using Guid(4c38f9e798fde444ea7e393e26ead127) Importer(815301076,1909f56bfc062723c751e8b465ee728b)  -> (artifact id: '11c868253cc23d168dadda66dad96ad5') in 0.278756 seconds
  Import took 0.286983 seconds .

========================================================================
Received Import Request.
  Time since last request: 0.000370 seconds.
  path: Assets/Textures/gold coin.png
  artifactKey: Guid(1ae919473de2e724ca71cd115da667f9) Importer(815301076,1909f56bfc062723c751e8b465ee728b)
Start importing Assets/Textures/gold coin.png using Guid(1ae919473de2e724ca71cd115da667f9) Importer(815301076,1909f56bfc062723c751e8b465ee728b)  -> (artifact id: 'dab184f2b06190db0395152d99bc7ba8') in 0.021259 seconds
  Import took 0.028362 seconds .

========================================================================
Received Import Request.
  Time since last request: 0.000326 seconds.
  path: Assets/Textures/bread.jpg
  artifactKey: Guid(06760ad6862984d4bac10e3c2d9204b4) Importer(815301076,1909f56bfc062723c751e8b465ee728b)
Start importing Assets/Textures/bread.jpg using Guid(06760ad6862984d4bac10e3c2d9204b4) Importer(815301076,1909f56bfc062723c751e8b465ee728b)  -> (artifact id: '4701ebac1aad28c41417a4a5e61e7870') in 0.132959 seconds
  Import took 0.140336 seconds .

========================================================================
Received Import Request.
  Time since last request: 0.000393 seconds.
  path: Assets/Textures/dagger.png
  artifactKey: Guid(f01b6a3aaaf619147b5967e3e1b57fdd) Importer(815301076,1909f56bfc062723c751e8b465ee728b)
Start importing Assets/Textures/dagger.png using Guid(f01b6a3aaaf619147b5967e3e1b57fdd) Importer(815301076,1909f56bfc062723c751e8b465ee728b)  -> (artifact id: '25fb7fdb79b09acd21741d93bcd84fcc') in 0.101151 seconds
  Import took 0.108382 seconds .

========================================================================
Received Import Request.
  Time since last request: 0.000326 seconds.
  path: Assets/Textures/none.jpg
  artifactKey: Guid(26b452eb20d53194c802c33fdade61c0) Importer(815301076,1909f56bfc062723c751e8b465ee728b)
Start importing Assets/Textures/none.jpg using Guid(26b452eb20d53194c802c33fdade61c0) Importer(815301076,1909f56bfc062723c751e8b465ee728b)  -> (artifact id: '648ab218d21a44c7f356fe3a5b28edd9') in 0.017648 seconds
  Import took 0.024739 seconds .

========================================================================
Received Prepare
Registering precompiled user dll's ...
Registered in 0.002438 seconds.
Begin MonoManager ReloadAssembly
Native extension for WindowsStandalone target not found
Native extension for WebGL target not found
Refreshing native plugins compatible for Editor in 0.94 ms, found 0 plugins.
Preloading 0 native plugins for Editor in 0.00 ms.
Invoked RoslynAnalysisRunner static constructor.
RoslynAnalysisRunner will not be running.
RoslynAnalysisRunner has terminated.
Mono: successfully reloaded assembly
- Completed reload, in  1.343 seconds
Platform modules already initialized, skipping
Refreshing native plugins compatible for Editor in 0.61 ms, found 0 plugins.
Preloading 0 native plugins for Editor in 0.00 ms.
Unloading 3025 Unused Serialized files (Serialized files now loaded: 0)
System memory in use before: 156.8 MB.
System memory in use after: 157.1 MB.

Unloading 8 unused Assets to reduce memory usage. Loaded Objects now: 3776.
Total: 3.118100 ms (FindLiveObjects: 0.518800 ms CreateObjectMapping: 0.135600 ms MarkObjects: 2.429000 ms  DeleteObjects: 0.033100 ms)

AssetImportWorkerClient::OnTransportError - code=2 error=End of file
